\BOOKMARK [0][-]{chapter.1}{Electrodynamics}{}% 1
\BOOKMARK [1][-]{section.1.1}{Plasmon }{chapter.1}% 2
\BOOKMARK [1][-]{section.1.2}{FDTD}{chapter.1}% 3
\BOOKMARK [1][-]{section.1.3}{1D}{chapter.1}% 4
\BOOKMARK [2][-]{subsection.1.3.1}{Cavity Resonator}{section.1.3}% 5
\BOOKMARK [2][-]{subsection.1.3.2}{Debye materials}{section.1.3}% 6
\BOOKMARK [1][-]{section.1.4}{Photonic GF from FDTD}{chapter.1}% 7
\BOOKMARK [1][-]{section.1.5}{GF for homogeneous medium in 1D, 2D, 3D}{chapter.1}% 8
\BOOKMARK [2][-]{subsection.1.5.1}{Nearfield to far-field transformation}{section.1.5}% 9
\BOOKMARK [2][-]{subsection.1.5.2}{1D}{section.1.5}% 10
\BOOKMARK [0][-]{chapter.2}{Quantum dynamics}{}% 11
\BOOKMARK [1][-]{section.2.1}{ Adiabatic Nuclear Quantum Dynamics}{chapter.2}% 12
\BOOKMARK [2][-]{subsection.2.1.1}{Split-operator method}{section.2.1}% 13
\BOOKMARK [2][-]{subsection.2.1.2}{Quantum trajectory method}{section.2.1}% 14
\BOOKMARK [0][-]{chapter.3}{Quantum chemistry}{}% 15
\BOOKMARK [0][-]{chapter.4}{Open quantum systems}{}% 16
\BOOKMARK [1][-]{section.4.1}{Lindblad quantum master equations}{chapter.4}% 17
\BOOKMARK [1][-]{section.4.2}{Redfield equations}{chapter.4}% 18
\BOOKMARK [2][-]{subsection.4.2.1}{Computing }{section.4.2}% 19
\BOOKMARK [2][-]{subsection.4.2.2}{Gaussian bath}{section.4.2}% 20
\BOOKMARK [2][-]{subsection.4.2.3}{Secular approximation}{section.4.2}% 21
\BOOKMARK [2][-]{subsection.4.2.4}{Symmetry properties of bath correlation function}{section.4.2}% 22
\BOOKMARK [1][-]{section.4.3}{Green's function}{chapter.4}% 23
\BOOKMARK [2][-]{subsection.4.3.1}{Biorthogonal basis}{section.4.3}% 24
\BOOKMARK [2][-]{subsection.4.3.2}{Equation of motion}{section.4.3}% 25
\BOOKMARK [1][-]{section.4.4}{second-order time-convolutionless equation}{chapter.4}% 26
\BOOKMARK [1][-]{section.4.5}{Correlation function}{chapter.4}% 27
\BOOKMARK [2][-]{subsection.4.5.1}{GF method}{section.4.5}% 28
\BOOKMARK [1][-]{section.4.6}{Hierarchical equation of motion}{chapter.4}% 29
\BOOKMARK [1][-]{section.4.7}{Transformation From Hilbert space to Liouville space}{chapter.4}% 30
\BOOKMARK [0][-]{chapter.5}{Periodically driven quantum systems}{}% 31
\BOOKMARK [0][-]{chapter.6}{Nonlinear molecular spectroscopy}{}% 32
\BOOKMARK [1][-]{section.6.1}{Transient absorption spectroscopy}{chapter.6}% 33
\BOOKMARK [1][-]{section.6.2}{Transient absorption}{chapter.6}% 34
\BOOKMARK [0][-]{chapter.7}{ Quantum transport}{}% 35
\BOOKMARK [1][-]{section.7.1}{NEGF for time-independent transport}{chapter.7}% 36
\BOOKMARK [0][-]{chapter.8}{Uncategorized}{}% 37
\BOOKMARK [1][-]{section.8.1}{Schmdit decomposition}{chapter.8}% 38
\BOOKMARK [1][-]{section.8.2}{Wigner transformation}{chapter.8}% 39
\BOOKMARK [1][-]{section.8.3}{FFT}{chapter.8}% 40
